<?xml version="1.0" encoding="UTF-8"?>
<coverage generated="1784983405473" clover="3.2.0">
  <project timestamp="1784983405473" name="All files">
    <metrics statements="24" coveredstatements="24" conditionals="0" coveredconditionals="0" methods="12" coveredmethods="12" elements="36" coveredelements="36" complexity="0" loc="24" ncloc="24" packages="2" files="6" classes="6"/>
    <package name="app">
      <metrics statements="6" coveredstatements="6" conditionals="0" coveredconditionals="0" methods="1" coveredmethods="1"/>
      <file name="page.jsx" path="C:\Users\VICTUS\OneDrive\Documents\Prodesk IT\Sprint 11 Unit and Component Testing\app\page.jsx">
        <metrics statements="6" coveredstatements="6" conditionals="0" coveredconditionals="0" methods="1" coveredmethods="1"/>
        <line num="1" count="1" type="stmt"/>
        <line num="2" count="1" type="stmt"/>
        <line num="3" count="1" type="stmt"/>
        <line num="4" count="1" type="stmt"/>
        <line num="5" count="1" type="stmt"/>
        <line num="7" count="1" type="stmt"/>
      </file>
    </package>
    <package name="components">
      <metrics statements="18" coveredstatements="18" conditionals="0" coveredconditionals="0" methods="11" coveredmethods="11"/>
      <file name="Button.jsx" path="C:\Users\VICTUS\OneDrive\Documents\Prodesk IT\Sprint 11 Unit and Component Testing\components\Button.jsx">
        <metrics statements="1" coveredstatements="1" conditionals="0" coveredconditionals="0" methods="1" coveredmethods="1"/>
        <line num="1" count="4" type="stmt"/>
      </file>
      <file name="Card.jsx" path="C:\Users\VICTUS\OneDrive\Documents\Prodesk IT\Sprint 11 Unit and Component Testing\components\Card.jsx">
        <metrics statements="1" coveredstatements="1" conditionals="0" coveredconditionals="0" methods="1" coveredmethods="1"/>
        <line num="1" count="5" type="stmt"/>
      </file>
      <file name="Counter.jsx" path="C:\Users\VICTUS\OneDrive\Documents\Prodesk IT\Sprint 11 Unit and Component Testing\components\Counter.jsx">
        <metrics statements="6" coveredstatements="6" conditionals="0" coveredconditionals="0" methods="4" coveredmethods="4"/>
        <line num="3" count="2" type="stmt"/>
        <line num="5" count="6" type="stmt"/>
        <line num="6" count="12" type="stmt"/>
        <line num="14" count="4" type="stmt"/>
        <line num="19" count="1" type="stmt"/>
        <line num="25" count="1" type="stmt"/>
      </file>
      <file name="MovieList.jsx" path="C:\Users\VICTUS\OneDrive\Documents\Prodesk IT\Sprint 11 Unit and Component Testing\components\MovieList.jsx">
        <metrics statements="9" coveredstatements="9" conditionals="0" coveredconditionals="0" methods="4" coveredmethods="4"/>
        <line num="3" count="2" type="stmt"/>
        <line num="5" count="2" type="stmt"/>
        <line num="6" count="3" type="stmt"/>
        <line num="8" count="3" type="stmt"/>
        <line num="10" count="2" type="stmt"/>
        <line num="11" count="2" type="stmt"/>
        <line num="12" count="2" type="stmt"/>
        <line num="15" count="2" type="stmt"/>
        <line num="24" count="3" type="stmt"/>
      </file>
      <file name="SearchInput.jsx" path="C:\Users\VICTUS\OneDrive\Documents\Prodesk IT\Sprint 11 Unit and Component Testing\components\SearchInput.jsx">
        <metrics statements="1" coveredstatements="1" conditionals="0" coveredconditionals="0" methods="1" coveredmethods="1"/>
        <line num="1" count="3" type="stmt"/>
      </file>
    </package>
  </project>
</coverage>
