{"C:\\Users\\VICTUS\\OneDrive\\Documents\\Prodesk IT\\Sprint 11 Unit and Component Testing\\app\\page.jsx": {"path":"C:\\Users\\VICTUS\\OneDrive\\Documents\\Prodesk IT\\Sprint 11 Unit and Component Testing\\app\\page.jsx","statementMap":{"0":{"start":{"line":7,"column":24},"end":{"line":7,"column":null}},"1":{"start":{"line":1,"column":19},"end":{"line":1,"column":null}},"2":{"start":{"line":2,"column":17},"end":{"line":2,"column":null}},"3":{"start":{"line":3,"column":24},"end":{"line":3,"column":null}},"4":{"start":{"line":4,"column":20},"end":{"line":4,"column":null}},"5":{"start":{"line":5,"column":22},"end":{"line":5,"column":null}}},"fnMap":{"0":{"name":"Home","decl":{"start":{"line":7,"column":24},"end":{"line":7,"column":null}},"loc":{"start":{"line":7,"column":24},"end":{"line":19,"column":null}}}},"branchMap":{},"s":{"0":1,"1":1,"2":1,"3":1,"4":1,"5":1},"f":{"0":1},"b":{}}
,"C:\\Users\\VICTUS\\OneDrive\\Documents\\Prodesk IT\\Sprint 11 Unit and Component Testing\\components\\Button.jsx": {"path":"C:\\Users\\VICTUS\\OneDrive\\Documents\\Prodesk IT\\Sprint 11 Unit and Component Testing\\components\\Button.jsx","statementMap":{"0":{"start":{"line":1,"column":24},"end":{"line":1,"column":31}}},"fnMap":{"0":{"name":"Button","decl":{"start":{"line":1,"column":24},"end":{"line":1,"column":31}},"loc":{"start":{"line":1,"column":39},"end":{"line":7,"column":null}}}},"branchMap":{},"s":{"0":4},"f":{"0":4},"b":{}}
,"C:\\Users\\VICTUS\\OneDrive\\Documents\\Prodesk IT\\Sprint 11 Unit and Component Testing\\components\\Card.jsx": {"path":"C:\\Users\\VICTUS\\OneDrive\\Documents\\Prodesk IT\\Sprint 11 Unit and Component Testing\\components\\Card.jsx","statementMap":{"0":{"start":{"line":1,"column":24},"end":{"line":1,"column":29}}},"fnMap":{"0":{"name":"Card","decl":{"start":{"line":1,"column":24},"end":{"line":1,"column":29}},"loc":{"start":{"line":1,"column":51},"end":{"line":8,"column":null}}}},"branchMap":{},"s":{"0":5},"f":{"0":5},"b":{}}
,"C:\\Users\\VICTUS\\OneDrive\\Documents\\Prodesk IT\\Sprint 11 Unit and Component Testing\\components\\Counter.jsx": {"path":"C:\\Users\\VICTUS\\OneDrive\\Documents\\Prodesk IT\\Sprint 11 Unit and Component Testing\\components\\Counter.jsx","statementMap":{"0":{"start":{"line":5,"column":24},"end":{"line":5,"column":null}},"1":{"start":{"line":3,"column":25},"end":{"line":3,"column":null}},"2":{"start":{"line":6,"column":28},"end":{"line":6,"column":null}},"3":{"start":{"line":14,"column":29},"end":{"line":14,"column":50}},"4":{"start":{"line":19,"column":23},"end":{"line":19,"column":null}},"5":{"start":{"line":25,"column":29},"end":{"line":25,"column":42}}},"fnMap":{"0":{"name":"Counter","decl":{"start":{"line":5,"column":24},"end":{"line":5,"column":null}},"loc":{"start":{"line":5,"column":24},"end":{"line":30,"column":null}}},"1":{"name":"(anonymous_2)","decl":{"start":{"line":14,"column":23},"end":{"line":14,"column":29}},"loc":{"start":{"line":14,"column":29},"end":{"line":14,"column":50}}},"2":{"name":"(anonymous_3)","decl":{"start":{"line":19,"column":17},"end":{"line":19,"column":23}},"loc":{"start":{"line":19,"column":23},"end":{"line":19,"column":null}}},"3":{"name":"(anonymous_4)","decl":{"start":{"line":25,"column":23},"end":{"line":25,"column":29}},"loc":{"start":{"line":25,"column":29},"end":{"line":25,"column":42}}}},"branchMap":{},"s":{"0":6,"1":2,"2":12,"3":4,"4":1,"5":1},"f":{"0":12,"1":4,"2":1,"3":1},"b":{}}
,"C:\\Users\\VICTUS\\OneDrive\\Documents\\Prodesk IT\\Sprint 11 Unit and Component Testing\\components\\MovieList.jsx": {"path":"C:\\Users\\VICTUS\\OneDrive\\Documents\\Prodesk IT\\Sprint 11 Unit and Component Testing\\components\\MovieList.jsx","statementMap":{"0":{"start":{"line":5,"column":24},"end":{"line":5,"column":null}},"1":{"start":{"line":3,"column":36},"end":{"line":3,"column":null}},"2":{"start":{"line":6,"column":30},"end":{"line":6,"column":null}},"3":{"start":{"line":8,"column":2},"end":{"line":16,"column":null}},"4":{"start":{"line":10,"column":23},"end":{"line":10,"column":null}},"5":{"start":{"line":11,"column":19},"end":{"line":11,"column":null}},"6":{"start":{"line":12,"column":6},"end":{"line":12,"column":null}},"7":{"start":{"line":15,"column":4},"end":{"line":15,"column":null}},"8":{"start":{"line":24,"column":10},"end":{"line":24,"column":30}}},"fnMap":{"0":{"name":"MovieList","decl":{"start":{"line":5,"column":24},"end":{"line":5,"column":null}},"loc":{"start":{"line":5,"column":24},"end":{"line":29,"column":null}}},"1":{"name":"(anonymous_2)","decl":{"start":{"line":8,"column":12},"end":{"line":8,"column":null}},"loc":{"start":{"line":8,"column":12},"end":{"line":16,"column":5}}},"2":{"name":"fetchMovies","decl":{"start":{"line":9,"column":19},"end":{"line":9,"column":null}},"loc":{"start":{"line":9,"column":19},"end":{"line":13,"column":null}}},"3":{"name":"(anonymous_4)","decl":{"start":{"line":23,"column":20},"end":{"line":23,"column":21}},"loc":{"start":{"line":24,"column":10},"end":{"line":24,"column":30}}}},"branchMap":{},"s":{"0":2,"1":2,"2":3,"3":3,"4":2,"5":2,"6":2,"7":2,"8":3},"f":{"0":3,"1":2,"2":2,"3":3},"b":{}}
,"C:\\Users\\VICTUS\\OneDrive\\Documents\\Prodesk IT\\Sprint 11 Unit and Component Testing\\components\\SearchInput.jsx": {"path":"C:\\Users\\VICTUS\\OneDrive\\Documents\\Prodesk IT\\Sprint 11 Unit and Component Testing\\components\\SearchInput.jsx","statementMap":{"0":{"start":{"line":1,"column":24},"end":{"line":1,"column":36}}},"fnMap":{"0":{"name":"SearchInput","decl":{"start":{"line":1,"column":24},"end":{"line":1,"column":36}},"loc":{"start":{"line":5,"column":1},"end":{"line":14,"column":null}}}},"branchMap":{},"s":{"0":3},"f":{"0":3},"b":{}}
}
