TN:
SF:app\page.jsx
FN:7,Home
FNF:1
FNH:1
FNDA:1,Home
DA:1,1
DA:2,1
DA:3,1
DA:4,1
DA:5,1
DA:7,1
LF:6
LH:6
BRF:0
BRH:0
end_of_record
TN:
SF:components\Button.jsx
FN:1,Button
FNF:1
FNH:1
FNDA:4,Button
DA:1,4
LF:1
LH:1
BRF:0
BRH:0
end_of_record
TN:
SF:components\Card.jsx
FN:1,Card
FNF:1
FNH:1
FNDA:5,Card
DA:1,5
LF:1
LH:1
BRF:0
BRH:0
end_of_record
TN:
SF:components\Counter.jsx
FN:5,Counter
FN:14,(anonymous_2)
FN:19,(anonymous_3)
FN:25,(anonymous_4)
FNF:4
FNH:4
FNDA:12,Counter
FNDA:4,(anonymous_2)
FNDA:1,(anonymous_3)
FNDA:1,(anonymous_4)
DA:3,2
DA:5,6
DA:6,12
DA:14,4
DA:19,1
DA:25,1
LF:6
LH:6
BRF:0
BRH:0
end_of_record
TN:
SF:components\MovieList.jsx
FN:5,MovieList
FN:8,(anonymous_2)
FN:9,fetchMovies
FN:23,(anonymous_4)
FNF:4
FNH:4
FNDA:3,MovieList
FNDA:2,(anonymous_2)
FNDA:2,fetchMovies
FNDA:3,(anonymous_4)
DA:3,2
DA:5,2
DA:6,3
DA:8,3
DA:10,2
DA:11,2
DA:12,2
DA:15,2
DA:24,3
LF:9
LH:9
BRF:0
BRH:0
end_of_record
TN:
SF:components\SearchInput.jsx
FN:1,SearchInput
FNF:1
FNH:1
FNDA:3,SearchInput
DA:1,3
LF:1
LH:1
BRF:0
BRH:0
end_of_record
